Arguments: 
  /usr/local/Cellar/node/8.9.1/bin/node /usr/local/bin/yarn

PATH: 
  /usr/local/bin:/Applications/MNPP/init:/Applications/MNPP/Library/php53/bin:/Applications/MNPP/Library/mysql/bin:/Users/105007618/dev/ipl/predix-core/predix-core-14.1.65/3rdparty/play-2.2.1-ge:/usr/local/bin:/usr/bin:/bin:/usr/sbin:/sbin:/Applications/MNPP/init:/Applications/MNPP/Library/php53/bin:/Applications/MNPP/Library/mysql/bin:/Users/105007618/dev/ipl/predix-core/predix-core-14.1.65/3rdparty/play-2.2.1-ge:/Users/105065910:/Users/105065910/.rvm/bin

Yarn version: 
  1.3.2

Node version: 
  8.9.1

Platform: 
  darwin x64

npm manifest: 
  {
      "name": "px-vis-demos",
      "author": "General Electric",
      "description": "A Px component",
      "version": "1.3.0",
      "private": true,
      "extName" : null,
      "repository" :
      {
          "type": "git",
          "url": "https://github.com/PredixDev/px-vis-demos.git"
      },
      "homepage": "http://predix.io/",
      "devDependencies": {
        "babel-preset-es2015": "^6.22.0",
        "browser-sync": "^2.13.0",
        "gulp": "^3.9.1",
        "gulp-autoprefixer": "^3.1.0",
        "gulp-babel": "^6.1.2",
        "gulp-bump": "^2.4.0",
        "gulp-cached": "^1.1.1",
        "gulp-clean": "^0.3.2",
        "gulp-concat": "^2.6.0",
        "gulp-cssmin": "^0.1.7",
        "gulp-if": "^2.0.1",
        "gulp-load-plugins": "^1.2.4",
        "gulp-match": "^1.0.2",
        "gulp-rename": "^1.2.2",
        "gulp-sass": "^2.3.2",
        "gulp-sequence": "^0.4.5",
        "gulp-sourcemaps": "^2.4.1",
        "gulp-style-modules": "^0.1.0",
        "node-sass-import-once": "^1.2.0",
        "stream-combiner2": "^1.1.1",
        "yargs": "^6.0.0"
      }
  }

yarn manifest: 
  No manifest

Lockfile: 
  No lockfile

Trace: 
  Error: ENOENT: no such file or directory, copyfile '/Users/105065910/Library/Caches/Yarn/v1/npm-chalk-0.5.1-663b3a648b68b55d04690d49167aa837858f2174/readme.md' -> '/Users/105065910/src/px-vis-demos/node_modules/gulp-clean/node_modules/chalk/readme.md'
